<?xml version="1.0" encoding="UTF-8"?>
<testng-results ignored="0" total="1" passed="1" failed="0" skipped="0">
  <reporter-output>
  </reporter-output>
  <suite started-at="2024-11-16T21:34:51 PKT" name="Suite" finished-at="2024-11-16T21:35:01 PKT" duration-ms="9669">
    <groups>
    </groups>
    <test started-at="2024-11-16T21:34:51 PKT" name="test" finished-at="2024-11-16T21:35:01 PKT" duration-ms="9669">
      <class name="com.test.github.TestClassA">
        <test-method is-config="true" signature="setUp()[pri:0, instance:com.test.github.TestClassA@1b6e1eff]" started-at="2024-11-16T21:34:51 PKT" name="setUp" finished-at="2024-11-16T21:34:59 PKT" duration-ms="7542" status="PASS">
          <reporter-output>
          </reporter-output>
        </test-method> <!-- setUp -->
        <test-method signature="testUntitled()[pri:0, instance:com.test.github.TestClassA@1b6e1eff]" started-at="2024-11-16T21:34:59 PKT" name="testUntitled" finished-at="2024-11-16T21:35:01 PKT" duration-ms="2102" status="PASS">
          <reporter-output>
          </reporter-output>
        </test-method> <!-- testUntitled -->
      </class> <!-- com.test.github.TestClassA -->
    </test> <!-- test -->
  </suite> <!-- Suite -->
</testng-results>
